<?xml version="1.0" encoding="UTF-8"?>
<testsuite name="com.mainTests" tests="1" skipped="0" failures="0" errors="0" timestamp="2018-10-08T11:25:33" hostname="IT-48" time="0.005">
  <properties/>
  <testcase name="first_test" classname="com.mainTests" time="0.005"/>
  <system-out><![CDATA[]]></system-out>
  <system-err><![CDATA[]]></system-err>
</testsuite>
